<?xml version="1.0" encoding="UTF-8"?>
<!-- Generated by org.testng.reporters.JUnitXMLReporter -->
<testsuite ignored="0" hostname="DESKTOP-26DI5CC" failures="0" tests="3" name="Command line test" time="17.389" errors="0" timestamp="2022-06-12T16:45:10 EEST">
  <testcase classname="SearchAddToCartTest" name="SearchAddToCart" time="6.127"/>
  <testcase classname="SearchAddToCartTest" name="SearchAddToCart" time="4.996"/>
  <testcase classname="SearchAddToCartTest" name="SearchAddToCart" time="5.586"/>
</testsuite> <!-- Command line test -->
