<?xml version="1.0" encoding="UTF-8"?>
<testng-results ignored="0" total="3" passed="3" failed="0" skipped="0">
  <reporter-output>
  </reporter-output>
  <suite started-at="2022-06-12T16:44:53 EEST" name="SearchAddToCartTest" finished-at="2022-06-12T16:45:10 EEST" duration-ms="17389">
    <groups>
    </groups>
    <test started-at="2022-06-12T16:44:53 EEST" name="Command line test" finished-at="2022-06-12T16:45:10 EEST" duration-ms="17389">
      <class name="SearchAddToCartTest">
        <test-method is-config="true" signature="start()[pri:0, instance:SearchAddToCartTest@69fa8e76]" started-at="2022-06-12T16:44:53 EEST" name="start" finished-at="2022-06-12T16:44:53 EEST" duration-ms="32" status="PASS">
          <reporter-output>
          </reporter-output>
        </test-method> <!-- start -->
        <test-method signature="SearchAddToCart(java.lang.String)[pri:0, instance:SearchAddToCartTest@69fa8e76]" started-at="2022-06-12T16:44:53 EEST" name="SearchAddToCart" data-provider="DataProviderSrchStr" finished-at="2022-06-12T16:44:59 EEST" duration-ms="6127" status="PASS">
          <params>
            <param index="0">
              <value>
                <![CDATA[MD506Z/A]]>
              </value>
            </param>
          </params>
          <reporter-output>
          </reporter-output>
        </test-method> <!-- SearchAddToCart -->
        <test-method signature="SearchAddToCart(java.lang.String)[pri:0, instance:SearchAddToCartTest@69fa8e76]" started-at="2022-06-12T16:44:59 EEST" name="SearchAddToCart" data-provider="DataProviderSrchStr" finished-at="2022-06-12T16:45:04 EEST" duration-ms="4996" status="PASS">
          <params>
            <param index="0">
              <value>
                <![CDATA[219496051]]>
              </value>
            </param>
          </params>
          <reporter-output>
          </reporter-output>
        </test-method> <!-- SearchAddToCart -->
        <test-method signature="SearchAddToCart(java.lang.String)[pri:0, instance:SearchAddToCartTest@69fa8e76]" started-at="2022-06-12T16:45:04 EEST" name="SearchAddToCart" data-provider="DataProviderSrchStr" finished-at="2022-06-12T16:45:10 EEST" duration-ms="5586" status="PASS">
          <params>
            <param index="0">
              <value>
                <![CDATA[10659212]]>
              </value>
            </param>
          </params>
          <reporter-output>
          </reporter-output>
        </test-method> <!-- SearchAddToCart -->
        <test-method is-config="true" signature="quitDriver()[pri:0, instance:SearchAddToCartTest@69fa8e76]" started-at="2022-06-12T16:45:10 EEST" name="quitDriver" finished-at="2022-06-12T16:45:10 EEST" duration-ms="630" status="PASS">
          <reporter-output>
          </reporter-output>
        </test-method> <!-- quitDriver -->
      </class> <!-- SearchAddToCartTest -->
    </test> <!-- Command line test -->
  </suite> <!-- SearchAddToCartTest -->
</testng-results>
